The system is: Linux - 4.13.0-32-generic - x86_64
Compiling the C compiler identification source file "CMakeCCompilerId.c" succeeded.
Compiler: /usr/bin/cc 
Build flags: 
Id flags: 

The output was:
0


Compilation of the C compiler identification source "CMakeCCompilerId.c" produced "a.out"

The C compiler identification is GNU, found in "/opt/chrono/chrono_build/CMakeFiles/3.5.1/CompilerIdC/a.out"

Compiling the CXX compiler identification source file "CMakeCXXCompilerId.cpp" succeeded.
Compiler: /usr/bin/c++ 
Build flags: 
Id flags: 

The output was:
0


Compilation of the CXX compiler identification source "CMakeCXXCompilerId.cpp" produced "a.out"

The CXX compiler identification is GNU, found in "/opt/chrono/chrono_build/CMakeFiles/3.5.1/CompilerIdCXX/a.out"

Determining if the C compiler works passed with the following output:
Change Dir: /opt/chrono/chrono_build/CMakeFiles/CMakeTmp

Run Build Command:"/usr/bin/make" "cmTC_2ea2e/fast"
/usr/bin/make -f CMakeFiles/cmTC_2ea2e.dir/build.make CMakeFiles/cmTC_2ea2e.dir/build
make[1]: Entering directory '/opt/chrono/chrono_build/CMakeFiles/CMakeTmp'
Building C object CMakeFiles/cmTC_2ea2e.dir/testCCompiler.c.o
/usr/bin/cc     -o CMakeFiles/cmTC_2ea2e.dir/testCCompiler.c.o   -c /opt/chrono/chrono_build/CMakeFiles/CMakeTmp/testCCompiler.c
Linking C executable cmTC_2ea2e
/usr/bin/cmake -E cmake_link_script CMakeFiles/cmTC_2ea2e.dir/link.txt --verbose=1
/usr/bin/cc       CMakeFiles/cmTC_2ea2e.dir/testCCompiler.c.o  -o cmTC_2ea2e -rdynamic 
make[1]: Leaving directory '/opt/chrono/chrono_build/CMakeFiles/CMakeTmp'


Detecting C compiler ABI info compiled with the following output:
Change Dir: /opt/chrono/chrono_build/CMakeFiles/CMakeTmp

Run Build Command:"/usr/bin/make" "cmTC_c9122/fast"
/usr/bin/make -f CMakeFiles/cmTC_c9122.dir/build.make CMakeFiles/cmTC_c9122.dir/build
make[1]: Entering directory '/opt/chrono/chrono_build/CMakeFiles/CMakeTmp'
Building C object CMakeFiles/cmTC_c9122.dir/CMakeCCompilerABI.c.o
/usr/bin/cc     -o CMakeFiles/cmTC_c9122.dir/CMakeCCompilerABI.c.o   -c /usr/share/cmake-3.5/Modules/CMakeCCompilerABI.c
Linking C executable cmTC_c9122
/usr/bin/cmake -E cmake_link_script CMakeFiles/cmTC_c9122.dir/link.txt --verbose=1
/usr/bin/cc      -v CMakeFiles/cmTC_c9122.dir/CMakeCCompilerABI.c.o  -o cmTC_c9122 -rdynamic  
Using built-in specs.
COLLECT_GCC=/usr/bin/cc
COLLECT_LTO_WRAPPER=/usr/lib/gcc/x86_64-linux-gnu/5/lto-wrapper
Target: x86_64-linux-gnu
Configured with: ../src/configure -v --with-pkgversion='Ubuntu 5.4.0-6ubuntu1~16.04.5' --with-bugurl=file:///usr/share/doc/gcc-5/README.Bugs --enable-languages=c,ada,c++,java,go,d,fortran,objc,obj-c++ --prefix=/usr --program-suffix=-5 --enable-shared --enable-linker-build-id --libexecdir=/usr/lib --without-included-gettext --enable-threads=posix --libdir=/usr/lib --enable-nls --with-sysroot=/ --enable-clocale=gnu --enable-libstdcxx-debug --enable-libstdcxx-time=yes --with-default-libstdcxx-abi=new --enable-gnu-unique-object --disable-vtable-verify --enable-libmpx --enable-plugin --with-system-zlib --disable-browser-plugin --enable-java-awt=gtk --enable-gtk-cairo --with-java-home=/usr/lib/jvm/java-1.5.0-gcj-5-amd64/jre --enable-java-home --with-jvm-root-dir=/usr/lib/jvm/java-1.5.0-gcj-5-amd64 --with-jvm-jar-dir=/usr/lib/jvm-exports/java-1.5.0-gcj-5-amd64 --with-arch-directory=amd64 --with-ecj-jar=/usr/share/java/eclipse-ecj.jar --enable-objc-gc --enable-multiarch --disable-werror --with-arch-32=i686 --with-abi=m64 --with-multilib-list=m32,m64,mx32 --enable-multilib --with-tune=generic --enable-checking=release --build=x86_64-linux-gnu --host=x86_64-linux-gnu --target=x86_64-linux-gnu
Thread model: posix
gcc version 5.4.0 20160609 (Ubuntu 5.4.0-6ubuntu1~16.04.5) 
COMPILER_PATH=/usr/lib/gcc/x86_64-linux-gnu/5/:/usr/lib/gcc/x86_64-linux-gnu/5/:/usr/lib/gcc/x86_64-linux-gnu/:/usr/lib/gcc/x86_64-linux-gnu/5/:/usr/lib/gcc/x86_64-linux-gnu/
LIBRARY_PATH=/usr/lib/gcc/x86_64-linux-gnu/5/:/usr/lib/gcc/x86_64-linux-gnu/5/../../../x86_64-linux-gnu/:/usr/lib/gcc/x86_64-linux-gnu/5/../../../../lib/:/lib/x86_64-linux-gnu/:/lib/../lib/:/usr/lib/x86_64-linux-gnu/:/usr/lib/../lib/:/usr/lib/gcc/x86_64-linux-gnu/5/../../../:/lib/:/usr/lib/
COLLECT_GCC_OPTIONS='-v' '-o' 'cmTC_c9122' '-rdynamic' '-mtune=generic' '-march=x86-64'
 /usr/lib/gcc/x86_64-linux-gnu/5/collect2 -plugin /usr/lib/gcc/x86_64-linux-gnu/5/liblto_plugin.so -plugin-opt=/usr/lib/gcc/x86_64-linux-gnu/5/lto-wrapper -plugin-opt=-fresolution=/tmp/ccBe4kLm.res -plugin-opt=-pass-through=-lgcc -plugin-opt=-pass-through=-lgcc_s -plugin-opt=-pass-through=-lc -plugin-opt=-pass-through=-lgcc -plugin-opt=-pass-through=-lgcc_s --sysroot=/ --build-id --eh-frame-hdr -m elf_x86_64 --hash-style=gnu --as-needed -export-dynamic -dynamic-linker /lib64/ld-linux-x86-64.so.2 -z relro -o cmTC_c9122 /usr/lib/gcc/x86_64-linux-gnu/5/../../../x86_64-linux-gnu/crt1.o /usr/lib/gcc/x86_64-linux-gnu/5/../../../x86_64-linux-gnu/crti.o /usr/lib/gcc/x86_64-linux-gnu/5/crtbegin.o -L/usr/lib/gcc/x86_64-linux-gnu/5 -L/usr/lib/gcc/x86_64-linux-gnu/5/../../../x86_64-linux-gnu -L/usr/lib/gcc/x86_64-linux-gnu/5/../../../../lib -L/lib/x86_64-linux-gnu -L/lib/../lib -L/usr/lib/x86_64-linux-gnu -L/usr/lib/../lib -L/usr/lib/gcc/x86_64-linux-gnu/5/../../.. CMakeFiles/cmTC_c9122.dir/CMakeCCompilerABI.c.o -lgcc --as-needed -lgcc_s --no-as-needed -lc -lgcc --as-needed -lgcc_s --no-as-needed /usr/lib/gcc/x86_64-linux-gnu/5/crtend.o /usr/lib/gcc/x86_64-linux-gnu/5/../../../x86_64-linux-gnu/crtn.o
make[1]: Leaving directory '/opt/chrono/chrono_build/CMakeFiles/CMakeTmp'


Parsed C implicit link information from above output:
  link line regex: [^( *|.*[/\])(ld|([^/\]+-)?ld|collect2)[^/\]*( |$)]
  ignore line: [Change Dir: /opt/chrono/chrono_build/CMakeFiles/CMakeTmp]
  ignore line: []
  ignore line: [Run Build Command:"/usr/bin/make" "cmTC_c9122/fast"]
  ignore line: [/usr/bin/make -f CMakeFiles/cmTC_c9122.dir/build.make CMakeFiles/cmTC_c9122.dir/build]
  ignore line: [make[1]: Entering directory '/opt/chrono/chrono_build/CMakeFiles/CMakeTmp']
  ignore line: [Building C object CMakeFiles/cmTC_c9122.dir/CMakeCCompilerABI.c.o]
  ignore line: [/usr/bin/cc     -o CMakeFiles/cmTC_c9122.dir/CMakeCCompilerABI.c.o   -c /usr/share/cmake-3.5/Modules/CMakeCCompilerABI.c]
  ignore line: [Linking C executable cmTC_c9122]
  ignore line: [/usr/bin/cmake -E cmake_link_script CMakeFiles/cmTC_c9122.dir/link.txt --verbose=1]
  ignore line: [/usr/bin/cc      -v CMakeFiles/cmTC_c9122.dir/CMakeCCompilerABI.c.o  -o cmTC_c9122 -rdynamic  ]
  ignore line: [Using built-in specs.]
  ignore line: [COLLECT_GCC=/usr/bin/cc]
  ignore line: [COLLECT_LTO_WRAPPER=/usr/lib/gcc/x86_64-linux-gnu/5/lto-wrapper]
  ignore line: [Target: x86_64-linux-gnu]
  ignore line: [Configured with: ../src/configure -v --with-pkgversion='Ubuntu 5.4.0-6ubuntu1~16.04.5' --with-bugurl=file:///usr/share/doc/gcc-5/README.Bugs --enable-languages=c,ada,c++,java,go,d,fortran,objc,obj-c++ --prefix=/usr --program-suffix=-5 --enable-shared --enable-linker-build-id --libexecdir=/usr/lib --without-included-gettext --enable-threads=posix --libdir=/usr/lib --enable-nls --with-sysroot=/ --enable-clocale=gnu --enable-libstdcxx-debug --enable-libstdcxx-time=yes --with-default-libstdcxx-abi=new --enable-gnu-unique-object --disable-vtable-verify --enable-libmpx --enable-plugin --with-system-zlib --disable-browser-plugin --enable-java-awt=gtk --enable-gtk-cairo --with-java-home=/usr/lib/jvm/java-1.5.0-gcj-5-amd64/jre --enable-java-home --with-jvm-root-dir=/usr/lib/jvm/java-1.5.0-gcj-5-amd64 --with-jvm-jar-dir=/usr/lib/jvm-exports/java-1.5.0-gcj-5-amd64 --with-arch-directory=amd64 --with-ecj-jar=/usr/share/java/eclipse-ecj.jar --enable-objc-gc --enable-multiarch --disable-werror --with-arch-32=i686 --with-abi=m64 --with-multilib-list=m32,m64,mx32 --enable-multilib --with-tune=generic --enable-checking=release --build=x86_64-linux-gnu --host=x86_64-linux-gnu --target=x86_64-linux-gnu]
  ignore line: [Thread model: posix]
  ignore line: [gcc version 5.4.0 20160609 (Ubuntu 5.4.0-6ubuntu1~16.04.5) ]
  ignore line: [COMPILER_PATH=/usr/lib/gcc/x86_64-linux-gnu/5/:/usr/lib/gcc/x86_64-linux-gnu/5/:/usr/lib/gcc/x86_64-linux-gnu/:/usr/lib/gcc/x86_64-linux-gnu/5/:/usr/lib/gcc/x86_64-linux-gnu/]
  ignore line: [LIBRARY_PATH=/usr/lib/gcc/x86_64-linux-gnu/5/:/usr/lib/gcc/x86_64-linux-gnu/5/../../../x86_64-linux-gnu/:/usr/lib/gcc/x86_64-linux-gnu/5/../../../../lib/:/lib/x86_64-linux-gnu/:/lib/../lib/:/usr/lib/x86_64-linux-gnu/:/usr/lib/../lib/:/usr/lib/gcc/x86_64-linux-gnu/5/../../../:/lib/:/usr/lib/]
  ignore line: [COLLECT_GCC_OPTIONS='-v' '-o' 'cmTC_c9122' '-rdynamic' '-mtune=generic' '-march=x86-64']
  link line: [ /usr/lib/gcc/x86_64-linux-gnu/5/collect2 -plugin /usr/lib/gcc/x86_64-linux-gnu/5/liblto_plugin.so -plugin-opt=/usr/lib/gcc/x86_64-linux-gnu/5/lto-wrapper -plugin-opt=-fresolution=/tmp/ccBe4kLm.res -plugin-opt=-pass-through=-lgcc -plugin-opt=-pass-through=-lgcc_s -plugin-opt=-pass-through=-lc -plugin-opt=-pass-through=-lgcc -plugin-opt=-pass-through=-lgcc_s --sysroot=/ --build-id --eh-frame-hdr -m elf_x86_64 --hash-style=gnu --as-needed -export-dynamic -dynamic-linker /lib64/ld-linux-x86-64.so.2 -z relro -o cmTC_c9122 /usr/lib/gcc/x86_64-linux-gnu/5/../../../x86_64-linux-gnu/crt1.o /usr/lib/gcc/x86_64-linux-gnu/5/../../../x86_64-linux-gnu/crti.o /usr/lib/gcc/x86_64-linux-gnu/5/crtbegin.o -L/usr/lib/gcc/x86_64-linux-gnu/5 -L/usr/lib/gcc/x86_64-linux-gnu/5/../../../x86_64-linux-gnu -L/usr/lib/gcc/x86_64-linux-gnu/5/../../../../lib -L/lib/x86_64-linux-gnu -L/lib/../lib -L/usr/lib/x86_64-linux-gnu -L/usr/lib/../lib -L/usr/lib/gcc/x86_64-linux-gnu/5/../../.. CMakeFiles/cmTC_c9122.dir/CMakeCCompilerABI.c.o -lgcc --as-needed -lgcc_s --no-as-needed -lc -lgcc --as-needed -lgcc_s --no-as-needed /usr/lib/gcc/x86_64-linux-gnu/5/crtend.o /usr/lib/gcc/x86_64-linux-gnu/5/../../../x86_64-linux-gnu/crtn.o]
    arg [/usr/lib/gcc/x86_64-linux-gnu/5/collect2] ==> ignore
    arg [-plugin] ==> ignore
    arg [/usr/lib/gcc/x86_64-linux-gnu/5/liblto_plugin.so] ==> ignore
    arg [-plugin-opt=/usr/lib/gcc/x86_64-linux-gnu/5/lto-wrapper] ==> ignore
    arg [-plugin-opt=-fresolution=/tmp/ccBe4kLm.res] ==> ignore
    arg [-plugin-opt=-pass-through=-lgcc] ==> ignore
    arg [-plugin-opt=-pass-through=-lgcc_s] ==> ignore
    arg [-plugin-opt=-pass-through=-lc] ==> ignore
    arg [-plugin-opt=-pass-through=-lgcc] ==> ignore
    arg [-plugin-opt=-pass-through=-lgcc_s] ==> ignore
    arg [--sysroot=/] ==> ignore
    arg [--build-id] ==> ignore
    arg [--eh-frame-hdr] ==> ignore
    arg [-m] ==> ignore
    arg [elf_x86_64] ==> ignore
    arg [--hash-style=gnu] ==> ignore
    arg [--as-needed] ==> ignore
    arg [-export-dynamic] ==> ignore
    arg [-dynamic-linker] ==> ignore
    arg [/lib64/ld-linux-x86-64.so.2] ==> ignore
    arg [-zrelro] ==> ignore
    arg [-o] ==> ignore
    arg [cmTC_c9122] ==> ignore
    arg [/usr/lib/gcc/x86_64-linux-gnu/5/../../../x86_64-linux-gnu/crt1.o] ==> ignore
    arg [/usr/lib/gcc/x86_64-linux-gnu/5/../../../x86_64-linux-gnu/crti.o] ==> ignore
    arg [/usr/lib/gcc/x86_64-linux-gnu/5/crtbegin.o] ==> ignore
    arg [-L/usr/lib/gcc/x86_64-linux-gnu/5] ==> dir [/usr/lib/gcc/x86_64-linux-gnu/5]
    arg [-L/usr/lib/gcc/x86_64-linux-gnu/5/../../../x86_64-linux-gnu] ==> dir [/usr/lib/gcc/x86_64-linux-gnu/5/../../../x86_64-linux-gnu]
    arg [-L/usr/lib/gcc/x86_64-linux-gnu/5/../../../../lib] ==> dir [/usr/lib/gcc/x86_64-linux-gnu/5/../../../../lib]
    arg [-L/lib/x86_64-linux-gnu] ==> dir [/lib/x86_64-linux-gnu]
    arg [-L/lib/../lib] ==> dir [/lib/../lib]
    arg [-L/usr/lib/x86_64-linux-gnu] ==> dir [/usr/lib/x86_64-linux-gnu]
    arg [-L/usr/lib/../lib] ==> dir [/usr/lib/../lib]
    arg [-L/usr/lib/gcc/x86_64-linux-gnu/5/../../..] ==> dir [/usr/lib/gcc/x86_64-linux-gnu/5/../../..]
    arg [CMakeFiles/cmTC_c9122.dir/CMakeCCompilerABI.c.o] ==> ignore
    arg [-lgcc] ==> lib [gcc]
    arg [--as-needed] ==> ignore
    arg [-lgcc_s] ==> lib [gcc_s]
    arg [--no-as-needed] ==> ignore
    arg [-lc] ==> lib [c]
    arg [-lgcc] ==> lib [gcc]
    arg [--as-needed] ==> ignore
    arg [-lgcc_s] ==> lib [gcc_s]
    arg [--no-as-needed] ==> ignore
    arg [/usr/lib/gcc/x86_64-linux-gnu/5/crtend.o] ==> ignore
    arg [/usr/lib/gcc/x86_64-linux-gnu/5/../../../x86_64-linux-gnu/crtn.o] ==> ignore
  remove lib [gcc]
  remove lib [gcc_s]
  remove lib [gcc]
  remove lib [gcc_s]
  collapse library dir [/usr/lib/gcc/x86_64-linux-gnu/5] ==> [/usr/lib/gcc/x86_64-linux-gnu/5]
  collapse library dir [/usr/lib/gcc/x86_64-linux-gnu/5/../../../x86_64-linux-gnu] ==> [/usr/lib/x86_64-linux-gnu]
  collapse library dir [/usr/lib/gcc/x86_64-linux-gnu/5/../../../../lib] ==> [/usr/lib]
  collapse library dir [/lib/x86_64-linux-gnu] ==> [/lib/x86_64-linux-gnu]
  collapse library dir [/lib/../lib] ==> [/lib]
  collapse library dir [/usr/lib/x86_64-linux-gnu] ==> [/usr/lib/x86_64-linux-gnu]
  collapse library dir [/usr/lib/../lib] ==> [/usr/lib]
  collapse library dir [/usr/lib/gcc/x86_64-linux-gnu/5/../../..] ==> [/usr/lib]
  implicit libs: [c]
  implicit dirs: [/usr/lib/gcc/x86_64-linux-gnu/5;/usr/lib/x86_64-linux-gnu;/usr/lib;/lib/x86_64-linux-gnu;/lib]
  implicit fwks: []




Detecting C [-std=c11] compiler features compiled with the following output:
Change Dir: /opt/chrono/chrono_build/CMakeFiles/CMakeTmp

Run Build Command:"/usr/bin/make" "cmTC_de39c/fast"
/usr/bin/make -f CMakeFiles/cmTC_de39c.dir/build.make CMakeFiles/cmTC_de39c.dir/build
make[1]: Entering directory '/opt/chrono/chrono_build/CMakeFiles/CMakeTmp'
Building C object CMakeFiles/cmTC_de39c.dir/feature_tests.c.o
/usr/bin/cc    -std=c11 -o CMakeFiles/cmTC_de39c.dir/feature_tests.c.o   -c /opt/chrono/chrono_build/CMakeFiles/feature_tests.c
Linking C executable cmTC_de39c
/usr/bin/cmake -E cmake_link_script CMakeFiles/cmTC_de39c.dir/link.txt --verbose=1
/usr/bin/cc       CMakeFiles/cmTC_de39c.dir/feature_tests.c.o  -o cmTC_de39c -rdynamic 
make[1]: Leaving directory '/opt/chrono/chrono_build/CMakeFiles/CMakeTmp'


    Feature record: C_FEATURE:1c_function_prototypes
    Feature record: C_FEATURE:1c_restrict
    Feature record: C_FEATURE:1c_static_assert
    Feature record: C_FEATURE:1c_variadic_macros


Detecting C [-std=c99] compiler features compiled with the following output:
Change Dir: /opt/chrono/chrono_build/CMakeFiles/CMakeTmp

Run Build Command:"/usr/bin/make" "cmTC_0d92c/fast"
/usr/bin/make -f CMakeFiles/cmTC_0d92c.dir/build.make CMakeFiles/cmTC_0d92c.dir/build
make[1]: Entering directory '/opt/chrono/chrono_build/CMakeFiles/CMakeTmp'
Building C object CMakeFiles/cmTC_0d92c.dir/feature_tests.c.o
/usr/bin/cc    -std=c99 -o CMakeFiles/cmTC_0d92c.dir/feature_tests.c.o   -c /opt/chrono/chrono_build/CMakeFiles/feature_tests.c
Linking C executable cmTC_0d92c
/usr/bin/cmake -E cmake_link_script CMakeFiles/cmTC_0d92c.dir/link.txt --verbose=1
/usr/bin/cc       CMakeFiles/cmTC_0d92c.dir/feature_tests.c.o  -o cmTC_0d92c -rdynamic 
make[1]: Leaving directory '/opt/chrono/chrono_build/CMakeFiles/CMakeTmp'


    Feature record: C_FEATURE:1c_function_prototypes
    Feature record: C_FEATURE:1c_restrict
    Feature record: C_FEATURE:0c_static_assert
    Feature record: C_FEATURE:1c_variadic_macros


Detecting C [-std=c90] compiler features compiled with the following output:
Change Dir: /opt/chrono/chrono_build/CMakeFiles/CMakeTmp

Run Build Command:"/usr/bin/make" "cmTC_e0085/fast"
/usr/bin/make -f CMakeFiles/cmTC_e0085.dir/build.make CMakeFiles/cmTC_e0085.dir/build
make[1]: Entering directory '/opt/chrono/chrono_build/CMakeFiles/CMakeTmp'
Building C object CMakeFiles/cmTC_e0085.dir/feature_tests.c.o
/usr/bin/cc    -std=c90 -o CMakeFiles/cmTC_e0085.dir/feature_tests.c.o   -c /opt/chrono/chrono_build/CMakeFiles/feature_tests.c
Linking C executable cmTC_e0085
/usr/bin/cmake -E cmake_link_script CMakeFiles/cmTC_e0085.dir/link.txt --verbose=1
/usr/bin/cc       CMakeFiles/cmTC_e0085.dir/feature_tests.c.o  -o cmTC_e0085 -rdynamic 
make[1]: Leaving directory '/opt/chrono/chrono_build/CMakeFiles/CMakeTmp'


    Feature record: C_FEATURE:1c_function_prototypes
    Feature record: C_FEATURE:0c_restrict
    Feature record: C_FEATURE:0c_static_assert
    Feature record: C_FEATURE:0c_variadic_macros
Determining if the CXX compiler works passed with the following output:
Change Dir: /opt/chrono/chrono_build/CMakeFiles/CMakeTmp

Run Build Command:"/usr/bin/make" "cmTC_a30d6/fast"
/usr/bin/make -f CMakeFiles/cmTC_a30d6.dir/build.make CMakeFiles/cmTC_a30d6.dir/build
make[1]: Entering directory '/opt/chrono/chrono_build/CMakeFiles/CMakeTmp'
Building CXX object CMakeFiles/cmTC_a30d6.dir/testCXXCompiler.cxx.o
/usr/bin/c++      -o CMakeFiles/cmTC_a30d6.dir/testCXXCompiler.cxx.o -c /opt/chrono/chrono_build/CMakeFiles/CMakeTmp/testCXXCompiler.cxx
Linking CXX executable cmTC_a30d6
/usr/bin/cmake -E cmake_link_script CMakeFiles/cmTC_a30d6.dir/link.txt --verbose=1
/usr/bin/c++        CMakeFiles/cmTC_a30d6.dir/testCXXCompiler.cxx.o  -o cmTC_a30d6 -rdynamic 
make[1]: Leaving directory '/opt/chrono/chrono_build/CMakeFiles/CMakeTmp'


Detecting CXX compiler ABI info compiled with the following output:
Change Dir: /opt/chrono/chrono_build/CMakeFiles/CMakeTmp

Run Build Command:"/usr/bin/make" "cmTC_d0eaf/fast"
/usr/bin/make -f CMakeFiles/cmTC_d0eaf.dir/build.make CMakeFiles/cmTC_d0eaf.dir/build
make[1]: Entering directory '/opt/chrono/chrono_build/CMakeFiles/CMakeTmp'
Building CXX object CMakeFiles/cmTC_d0eaf.dir/CMakeCXXCompilerABI.cpp.o
/usr/bin/c++      -o CMakeFiles/cmTC_d0eaf.dir/CMakeCXXCompilerABI.cpp.o -c /usr/share/cmake-3.5/Modules/CMakeCXXCompilerABI.cpp
Linking CXX executable cmTC_d0eaf
/usr/bin/cmake -E cmake_link_script CMakeFiles/cmTC_d0eaf.dir/link.txt --verbose=1
/usr/bin/c++       -v CMakeFiles/cmTC_d0eaf.dir/CMakeCXXCompilerABI.cpp.o  -o cmTC_d0eaf -rdynamic  
Using built-in specs.
COLLECT_GCC=/usr/bin/c++
COLLECT_LTO_WRAPPER=/usr/lib/gcc/x86_64-linux-gnu/5/lto-wrapper
Target: x86_64-linux-gnu
Configured with: ../src/configure -v --with-pkgversion='Ubuntu 5.4.0-6ubuntu1~16.04.5' --with-bugurl=file:///usr/share/doc/gcc-5/README.Bugs --enable-languages=c,ada,c++,java,go,d,fortran,objc,obj-c++ --prefix=/usr --program-suffix=-5 --enable-shared --enable-linker-build-id --libexecdir=/usr/lib --without-included-gettext --enable-threads=posix --libdir=/usr/lib --enable-nls --with-sysroot=/ --enable-clocale=gnu --enable-libstdcxx-debug --enable-libstdcxx-time=yes --with-default-libstdcxx-abi=new --enable-gnu-unique-object --disable-vtable-verify --enable-libmpx --enable-plugin --with-system-zlib --disable-browser-plugin --enable-java-awt=gtk --enable-gtk-cairo --with-java-home=/usr/lib/jvm/java-1.5.0-gcj-5-amd64/jre --enable-java-home --with-jvm-root-dir=/usr/lib/jvm/java-1.5.0-gcj-5-amd64 --with-jvm-jar-dir=/usr/lib/jvm-exports/java-1.5.0-gcj-5-amd64 --with-arch-directory=amd64 --with-ecj-jar=/usr/share/java/eclipse-ecj.jar --enable-objc-gc --enable-multiarch --disable-werror --with-arch-32=i686 --with-abi=m64 --with-multilib-list=m32,m64,mx32 --enable-multilib --with-tune=generic --enable-checking=release --build=x86_64-linux-gnu --host=x86_64-linux-gnu --target=x86_64-linux-gnu
Thread model: posix
gcc version 5.4.0 20160609 (Ubuntu 5.4.0-6ubuntu1~16.04.5) 
COMPILER_PATH=/usr/lib/gcc/x86_64-linux-gnu/5/:/usr/lib/gcc/x86_64-linux-gnu/5/:/usr/lib/gcc/x86_64-linux-gnu/:/usr/lib/gcc/x86_64-linux-gnu/5/:/usr/lib/gcc/x86_64-linux-gnu/
LIBRARY_PATH=/usr/lib/gcc/x86_64-linux-gnu/5/:/usr/lib/gcc/x86_64-linux-gnu/5/../../../x86_64-linux-gnu/:/usr/lib/gcc/x86_64-linux-gnu/5/../../../../lib/:/lib/x86_64-linux-gnu/:/lib/../lib/:/usr/lib/x86_64-linux-gnu/:/usr/lib/../lib/:/usr/lib/gcc/x86_64-linux-gnu/5/../../../:/lib/:/usr/lib/
COLLECT_GCC_OPTIONS='-v' '-o' 'cmTC_d0eaf' '-rdynamic' '-shared-libgcc' '-mtune=generic' '-march=x86-64'
 /usr/lib/gcc/x86_64-linux-gnu/5/collect2 -plugin /usr/lib/gcc/x86_64-linux-gnu/5/liblto_plugin.so -plugin-opt=/usr/lib/gcc/x86_64-linux-gnu/5/lto-wrapper -plugin-opt=-fresolution=/tmp/ccM9fclB.res -plugin-opt=-pass-through=-lgcc_s -plugin-opt=-pass-through=-lgcc -plugin-opt=-pass-through=-lc -plugin-opt=-pass-through=-lgcc_s -plugin-opt=-pass-through=-lgcc --sysroot=/ --build-id --eh-frame-hdr -m elf_x86_64 --hash-style=gnu --as-needed -export-dynamic -dynamic-linker /lib64/ld-linux-x86-64.so.2 -z relro -o cmTC_d0eaf /usr/lib/gcc/x86_64-linux-gnu/5/../../../x86_64-linux-gnu/crt1.o /usr/lib/gcc/x86_64-linux-gnu/5/../../../x86_64-linux-gnu/crti.o /usr/lib/gcc/x86_64-linux-gnu/5/crtbegin.o -L/usr/lib/gcc/x86_64-linux-gnu/5 -L/usr/lib/gcc/x86_64-linux-gnu/5/../../../x86_64-linux-gnu -L/usr/lib/gcc/x86_64-linux-gnu/5/../../../../lib -L/lib/x86_64-linux-gnu -L/lib/../lib -L/usr/lib/x86_64-linux-gnu -L/usr/lib/../lib -L/usr/lib/gcc/x86_64-linux-gnu/5/../../.. CMakeFiles/cmTC_d0eaf.dir/CMakeCXXCompilerABI.cpp.o -lstdc++ -lm -lgcc_s -lgcc -lc -lgcc_s -lgcc /usr/lib/gcc/x86_64-linux-gnu/5/crtend.o /usr/lib/gcc/x86_64-linux-gnu/5/../../../x86_64-linux-gnu/crtn.o
make[1]: Leaving directory '/opt/chrono/chrono_build/CMakeFiles/CMakeTmp'


Parsed CXX implicit link information from above output:
  link line regex: [^( *|.*[/\])(ld|([^/\]+-)?ld|collect2)[^/\]*( |$)]
  ignore line: [Change Dir: /opt/chrono/chrono_build/CMakeFiles/CMakeTmp]
  ignore line: []
  ignore line: [Run Build Command:"/usr/bin/make" "cmTC_d0eaf/fast"]
  ignore line: [/usr/bin/make -f CMakeFiles/cmTC_d0eaf.dir/build.make CMakeFiles/cmTC_d0eaf.dir/build]
  ignore line: [make[1]: Entering directory '/opt/chrono/chrono_build/CMakeFiles/CMakeTmp']
  ignore line: [Building CXX object CMakeFiles/cmTC_d0eaf.dir/CMakeCXXCompilerABI.cpp.o]
  ignore line: [/usr/bin/c++      -o CMakeFiles/cmTC_d0eaf.dir/CMakeCXXCompilerABI.cpp.o -c /usr/share/cmake-3.5/Modules/CMakeCXXCompilerABI.cpp]
  ignore line: [Linking CXX executable cmTC_d0eaf]
  ignore line: [/usr/bin/cmake -E cmake_link_script CMakeFiles/cmTC_d0eaf.dir/link.txt --verbose=1]
  ignore line: [/usr/bin/c++       -v CMakeFiles/cmTC_d0eaf.dir/CMakeCXXCompilerABI.cpp.o  -o cmTC_d0eaf -rdynamic  ]
  ignore line: [Using built-in specs.]
  ignore line: [COLLECT_GCC=/usr/bin/c++]
  ignore line: [COLLECT_LTO_WRAPPER=/usr/lib/gcc/x86_64-linux-gnu/5/lto-wrapper]
  ignore line: [Target: x86_64-linux-gnu]
  ignore line: [Configured with: ../src/configure -v --with-pkgversion='Ubuntu 5.4.0-6ubuntu1~16.04.5' --with-bugurl=file:///usr/share/doc/gcc-5/README.Bugs --enable-languages=c,ada,c++,java,go,d,fortran,objc,obj-c++ --prefix=/usr --program-suffix=-5 --enable-shared --enable-linker-build-id --libexecdir=/usr/lib --without-included-gettext --enable-threads=posix --libdir=/usr/lib --enable-nls --with-sysroot=/ --enable-clocale=gnu --enable-libstdcxx-debug --enable-libstdcxx-time=yes --with-default-libstdcxx-abi=new --enable-gnu-unique-object --disable-vtable-verify --enable-libmpx --enable-plugin --with-system-zlib --disable-browser-plugin --enable-java-awt=gtk --enable-gtk-cairo --with-java-home=/usr/lib/jvm/java-1.5.0-gcj-5-amd64/jre --enable-java-home --with-jvm-root-dir=/usr/lib/jvm/java-1.5.0-gcj-5-amd64 --with-jvm-jar-dir=/usr/lib/jvm-exports/java-1.5.0-gcj-5-amd64 --with-arch-directory=amd64 --with-ecj-jar=/usr/share/java/eclipse-ecj.jar --enable-objc-gc --enable-multiarch --disable-werror --with-arch-32=i686 --with-abi=m64 --with-multilib-list=m32,m64,mx32 --enable-multilib --with-tune=generic --enable-checking=release --build=x86_64-linux-gnu --host=x86_64-linux-gnu --target=x86_64-linux-gnu]
  ignore line: [Thread model: posix]
  ignore line: [gcc version 5.4.0 20160609 (Ubuntu 5.4.0-6ubuntu1~16.04.5) ]
  ignore line: [COMPILER_PATH=/usr/lib/gcc/x86_64-linux-gnu/5/:/usr/lib/gcc/x86_64-linux-gnu/5/:/usr/lib/gcc/x86_64-linux-gnu/:/usr/lib/gcc/x86_64-linux-gnu/5/:/usr/lib/gcc/x86_64-linux-gnu/]
  ignore line: [LIBRARY_PATH=/usr/lib/gcc/x86_64-linux-gnu/5/:/usr/lib/gcc/x86_64-linux-gnu/5/../../../x86_64-linux-gnu/:/usr/lib/gcc/x86_64-linux-gnu/5/../../../../lib/:/lib/x86_64-linux-gnu/:/lib/../lib/:/usr/lib/x86_64-linux-gnu/:/usr/lib/../lib/:/usr/lib/gcc/x86_64-linux-gnu/5/../../../:/lib/:/usr/lib/]
  ignore line: [COLLECT_GCC_OPTIONS='-v' '-o' 'cmTC_d0eaf' '-rdynamic' '-shared-libgcc' '-mtune=generic' '-march=x86-64']
  link line: [ /usr/lib/gcc/x86_64-linux-gnu/5/collect2 -plugin /usr/lib/gcc/x86_64-linux-gnu/5/liblto_plugin.so -plugin-opt=/usr/lib/gcc/x86_64-linux-gnu/5/lto-wrapper -plugin-opt=-fresolution=/tmp/ccM9fclB.res -plugin-opt=-pass-through=-lgcc_s -plugin-opt=-pass-through=-lgcc -plugin-opt=-pass-through=-lc -plugin-opt=-pass-through=-lgcc_s -plugin-opt=-pass-through=-lgcc --sysroot=/ --build-id --eh-frame-hdr -m elf_x86_64 --hash-style=gnu --as-needed -export-dynamic -dynamic-linker /lib64/ld-linux-x86-64.so.2 -z relro -o cmTC_d0eaf /usr/lib/gcc/x86_64-linux-gnu/5/../../../x86_64-linux-gnu/crt1.o /usr/lib/gcc/x86_64-linux-gnu/5/../../../x86_64-linux-gnu/crti.o /usr/lib/gcc/x86_64-linux-gnu/5/crtbegin.o -L/usr/lib/gcc/x86_64-linux-gnu/5 -L/usr/lib/gcc/x86_64-linux-gnu/5/../../../x86_64-linux-gnu -L/usr/lib/gcc/x86_64-linux-gnu/5/../../../../lib -L/lib/x86_64-linux-gnu -L/lib/../lib -L/usr/lib/x86_64-linux-gnu -L/usr/lib/../lib -L/usr/lib/gcc/x86_64-linux-gnu/5/../../.. CMakeFiles/cmTC_d0eaf.dir/CMakeCXXCompilerABI.cpp.o -lstdc++ -lm -lgcc_s -lgcc -lc -lgcc_s -lgcc /usr/lib/gcc/x86_64-linux-gnu/5/crtend.o /usr/lib/gcc/x86_64-linux-gnu/5/../../../x86_64-linux-gnu/crtn.o]
    arg [/usr/lib/gcc/x86_64-linux-gnu/5/collect2] ==> ignore
    arg [-plugin] ==> ignore
    arg [/usr/lib/gcc/x86_64-linux-gnu/5/liblto_plugin.so] ==> ignore
    arg [-plugin-opt=/usr/lib/gcc/x86_64-linux-gnu/5/lto-wrapper] ==> ignore
    arg [-plugin-opt=-fresolution=/tmp/ccM9fclB.res] ==> ignore
    arg [-plugin-opt=-pass-through=-lgcc_s] ==> ignore
    arg [-plugin-opt=-pass-through=-lgcc] ==> ignore
    arg [-plugin-opt=-pass-through=-lc] ==> ignore
    arg [-plugin-opt=-pass-through=-lgcc_s] ==> ignore
    arg [-plugin-opt=-pass-through=-lgcc] ==> ignore
    arg [--sysroot=/] ==> ignore
    arg [--build-id] ==> ignore
    arg [--eh-frame-hdr] ==> ignore
    arg [-m] ==> ignore
    arg [elf_x86_64] ==> ignore
    arg [--hash-style=gnu] ==> ignore
    arg [--as-needed] ==> ignore
    arg [-export-dynamic] ==> ignore
    arg [-dynamic-linker] ==> ignore
    arg [/lib64/ld-linux-x86-64.so.2] ==> ignore
    arg [-zrelro] ==> ignore
    arg [-o] ==> ignore
    arg [cmTC_d0eaf] ==> ignore
    arg [/usr/lib/gcc/x86_64-linux-gnu/5/../../../x86_64-linux-gnu/crt1.o] ==> ignore
    arg [/usr/lib/gcc/x86_64-linux-gnu/5/../../../x86_64-linux-gnu/crti.o] ==> ignore
    arg [/usr/lib/gcc/x86_64-linux-gnu/5/crtbegin.o] ==> ignore
    arg [-L/usr/lib/gcc/x86_64-linux-gnu/5] ==> dir [/usr/lib/gcc/x86_64-linux-gnu/5]
    arg [-L/usr/lib/gcc/x86_64-linux-gnu/5/../../../x86_64-linux-gnu] ==> dir [/usr/lib/gcc/x86_64-linux-gnu/5/../../../x86_64-linux-gnu]
    arg [-L/usr/lib/gcc/x86_64-linux-gnu/5/../../../../lib] ==> dir [/usr/lib/gcc/x86_64-linux-gnu/5/../../../../lib]
    arg [-L/lib/x86_64-linux-gnu] ==> dir [/lib/x86_64-linux-gnu]
    arg [-L/lib/../lib] ==> dir [/lib/../lib]
    arg [-L/usr/lib/x86_64-linux-gnu] ==> dir [/usr/lib/x86_64-linux-gnu]
    arg [-L/usr/lib/../lib] ==> dir [/usr/lib/../lib]
    arg [-L/usr/lib/gcc/x86_64-linux-gnu/5/../../..] ==> dir [/usr/lib/gcc/x86_64-linux-gnu/5/../../..]
    arg [CMakeFiles/cmTC_d0eaf.dir/CMakeCXXCompilerABI.cpp.o] ==> ignore
    arg [-lstdc++] ==> lib [stdc++]
    arg [-lm] ==> lib [m]
    arg [-lgcc_s] ==> lib [gcc_s]
    arg [-lgcc] ==> lib [gcc]
    arg [-lc] ==> lib [c]
    arg [-lgcc_s] ==> lib [gcc_s]
    arg [-lgcc] ==> lib [gcc]
    arg [/usr/lib/gcc/x86_64-linux-gnu/5/crtend.o] ==> ignore
    arg [/usr/lib/gcc/x86_64-linux-gnu/5/../../../x86_64-linux-gnu/crtn.o] ==> ignore
  remove lib [gcc_s]
  remove lib [gcc]
  remove lib [gcc_s]
  remove lib [gcc]
  collapse library dir [/usr/lib/gcc/x86_64-linux-gnu/5] ==> [/usr/lib/gcc/x86_64-linux-gnu/5]
  collapse library dir [/usr/lib/gcc/x86_64-linux-gnu/5/../../../x86_64-linux-gnu] ==> [/usr/lib/x86_64-linux-gnu]
  collapse library dir [/usr/lib/gcc/x86_64-linux-gnu/5/../../../../lib] ==> [/usr/lib]
  collapse library dir [/lib/x86_64-linux-gnu] ==> [/lib/x86_64-linux-gnu]
  collapse library dir [/lib/../lib] ==> [/lib]
  collapse library dir [/usr/lib/x86_64-linux-gnu] ==> [/usr/lib/x86_64-linux-gnu]
  collapse library dir [/usr/lib/../lib] ==> [/usr/lib]
  collapse library dir [/usr/lib/gcc/x86_64-linux-gnu/5/../../..] ==> [/usr/lib]
  implicit libs: [stdc++;m;c]
  implicit dirs: [/usr/lib/gcc/x86_64-linux-gnu/5;/usr/lib/x86_64-linux-gnu;/usr/lib;/lib/x86_64-linux-gnu;/lib]
  implicit fwks: []




Detecting CXX [-std=c++14] compiler features compiled with the following output:
Change Dir: /opt/chrono/chrono_build/CMakeFiles/CMakeTmp

Run Build Command:"/usr/bin/make" "cmTC_77aa0/fast"
/usr/bin/make -f CMakeFiles/cmTC_77aa0.dir/build.make CMakeFiles/cmTC_77aa0.dir/build
make[1]: Entering directory '/opt/chrono/chrono_build/CMakeFiles/CMakeTmp'
Building CXX object CMakeFiles/cmTC_77aa0.dir/feature_tests.cxx.o
/usr/bin/c++     -std=c++14 -o CMakeFiles/cmTC_77aa0.dir/feature_tests.cxx.o -c /opt/chrono/chrono_build/CMakeFiles/feature_tests.cxx
Linking CXX executable cmTC_77aa0
/usr/bin/cmake -E cmake_link_script CMakeFiles/cmTC_77aa0.dir/link.txt --verbose=1
/usr/bin/c++        CMakeFiles/cmTC_77aa0.dir/feature_tests.cxx.o  -o cmTC_77aa0 -rdynamic 
make[1]: Leaving directory '/opt/chrono/chrono_build/CMakeFiles/CMakeTmp'


    Feature record: CXX_FEATURE:1cxx_aggregate_default_initializers
    Feature record: CXX_FEATURE:1cxx_alias_templates
    Feature record: CXX_FEATURE:1cxx_alignas
    Feature record: CXX_FEATURE:1cxx_alignof
    Feature record: CXX_FEATURE:1cxx_attributes
    Feature record: CXX_FEATURE:1cxx_attribute_deprecated
    Feature record: CXX_FEATURE:1cxx_auto_type
    Feature record: CXX_FEATURE:1cxx_binary_literals
    Feature record: CXX_FEATURE:1cxx_constexpr
    Feature record: CXX_FEATURE:1cxx_contextual_conversions
    Feature record: CXX_FEATURE:1cxx_decltype
    Feature record: CXX_FEATURE:1cxx_decltype_auto
    Feature record: CXX_FEATURE:1cxx_decltype_incomplete_return_types
    Feature record: CXX_FEATURE:1cxx_default_function_template_args
    Feature record: CXX_FEATURE:1cxx_defaulted_functions
    Feature record: CXX_FEATURE:1cxx_defaulted_move_initializers
    Feature record: CXX_FEATURE:1cxx_delegating_constructors
    Feature record: CXX_FEATURE:1cxx_deleted_functions
    Feature record: CXX_FEATURE:1cxx_digit_separators
    Feature record: CXX_FEATURE:1cxx_enum_forward_declarations
    Feature record: CXX_FEATURE:1cxx_explicit_conversions
    Feature record: CXX_FEATURE:1cxx_extended_friend_declarations
    Feature record: CXX_FEATURE:1cxx_extern_templates
    Feature record: CXX_FEATURE:1cxx_final
    Feature record: CXX_FEATURE:1cxx_func_identifier
    Feature record: CXX_FEATURE:1cxx_generalized_initializers
    Feature record: CXX_FEATURE:1cxx_generic_lambdas
    Feature record: CXX_FEATURE:1cxx_inheriting_constructors
    Feature record: CXX_FEATURE:1cxx_inline_namespaces
    Feature record: CXX_FEATURE:1cxx_lambdas
    Feature record: CXX_FEATURE:1cxx_lambda_init_captures
    Feature record: CXX_FEATURE:1cxx_local_type_template_args
    Feature record: CXX_FEATURE:1cxx_long_long_type
    Feature record: CXX_FEATURE:1cxx_noexcept
    Feature record: CXX_FEATURE:1cxx_nonstatic_member_init
    Feature record: CXX_FEATURE:1cxx_nullptr
    Feature record: CXX_FEATURE:1cxx_override
    Feature record: CXX_FEATURE:1cxx_range_for
    Feature record: CXX_FEATURE:1cxx_raw_string_literals
    Feature record: CXX_FEATURE:1cxx_reference_qualified_functions
    Feature record: CXX_FEATURE:1cxx_relaxed_constexpr
    Feature record: CXX_FEATURE:1cxx_return_type_deduction
    Feature record: CXX_FEATURE:1cxx_right_angle_brackets
    Feature record: CXX_FEATURE:1cxx_rvalue_references
    Feature record: CXX_FEATURE:1cxx_sizeof_member
    Feature record: CXX_FEATURE:1cxx_static_assert
    Feature record: CXX_FEATURE:1cxx_strong_enums
    Feature record: CXX_FEATURE:1cxx_template_template_parameters
    Feature record: CXX_FEATURE:1cxx_thread_local
    Feature record: CXX_FEATURE:1cxx_trailing_return_types
    Feature record: CXX_FEATURE:1cxx_unicode_literals
    Feature record: CXX_FEATURE:1cxx_uniform_initialization
    Feature record: CXX_FEATURE:1cxx_unrestricted_unions
    Feature record: CXX_FEATURE:1cxx_user_literals
    Feature record: CXX_FEATURE:1cxx_variable_templates
    Feature record: CXX_FEATURE:1cxx_variadic_macros
    Feature record: CXX_FEATURE:1cxx_variadic_templates


Detecting CXX [-std=c++11] compiler features compiled with the following output:
Change Dir: /opt/chrono/chrono_build/CMakeFiles/CMakeTmp

Run Build Command:"/usr/bin/make" "cmTC_6e882/fast"
/usr/bin/make -f CMakeFiles/cmTC_6e882.dir/build.make CMakeFiles/cmTC_6e882.dir/build
make[1]: Entering directory '/opt/chrono/chrono_build/CMakeFiles/CMakeTmp'
Building CXX object CMakeFiles/cmTC_6e882.dir/feature_tests.cxx.o
/usr/bin/c++     -std=c++11 -o CMakeFiles/cmTC_6e882.dir/feature_tests.cxx.o -c /opt/chrono/chrono_build/CMakeFiles/feature_tests.cxx
Linking CXX executable cmTC_6e882
/usr/bin/cmake -E cmake_link_script CMakeFiles/cmTC_6e882.dir/link.txt --verbose=1
/usr/bin/c++        CMakeFiles/cmTC_6e882.dir/feature_tests.cxx.o  -o cmTC_6e882 -rdynamic 
make[1]: Leaving directory '/opt/chrono/chrono_build/CMakeFiles/CMakeTmp'


    Feature record: CXX_FEATURE:0cxx_aggregate_default_initializers
    Feature record: CXX_FEATURE:1cxx_alias_templates
    Feature record: CXX_FEATURE:1cxx_alignas
    Feature record: CXX_FEATURE:1cxx_alignof
    Feature record: CXX_FEATURE:1cxx_attributes
    Feature record: CXX_FEATURE:0cxx_attribute_deprecated
    Feature record: CXX_FEATURE:1cxx_auto_type
    Feature record: CXX_FEATURE:0cxx_binary_literals
    Feature record: CXX_FEATURE:1cxx_constexpr
    Feature record: CXX_FEATURE:0cxx_contextual_conversions
    Feature record: CXX_FEATURE:1cxx_decltype
    Feature record: CXX_FEATURE:0cxx_decltype_auto
    Feature record: CXX_FEATURE:1cxx_decltype_incomplete_return_types
    Feature record: CXX_FEATURE:1cxx_default_function_template_args
    Feature record: CXX_FEATURE:1cxx_defaulted_functions
    Feature record: CXX_FEATURE:1cxx_defaulted_move_initializers
    Feature record: CXX_FEATURE:1cxx_delegating_constructors
    Feature record: CXX_FEATURE:1cxx_deleted_functions
    Feature record: CXX_FEATURE:0cxx_digit_separators
    Feature record: CXX_FEATURE:1cxx_enum_forward_declarations
    Feature record: CXX_FEATURE:1cxx_explicit_conversions
    Feature record: CXX_FEATURE:1cxx_extended_friend_declarations
    Feature record: CXX_FEATURE:1cxx_extern_templates
    Feature record: CXX_FEATURE:1cxx_final
    Feature record: CXX_FEATURE:1cxx_func_identifier
    Feature record: CXX_FEATURE:1cxx_generalized_initializers
    Feature record: CXX_FEATURE:0cxx_generic_lambdas
    Feature record: CXX_FEATURE:1cxx_inheriting_constructors
    Feature record: CXX_FEATURE:1cxx_inline_namespaces
    Feature record: CXX_FEATURE:1cxx_lambdas
    Feature record: CXX_FEATURE:0cxx_lambda_init_captures
    Feature record: CXX_FEATURE:1cxx_local_type_template_args
    Feature record: CXX_FEATURE:1cxx_long_long_type
    Feature record: CXX_FEATURE:1cxx_noexcept
    Feature record: CXX_FEATURE:1cxx_nonstatic_member_init
    Feature record: CXX_FEATURE:1cxx_nullptr
    Feature record: CXX_FEATURE:1cxx_override
    Feature record: CXX_FEATURE:1cxx_range_for
    Feature record: CXX_FEATURE:1cxx_raw_string_literals
    Feature record: CXX_FEATURE:1cxx_reference_qualified_functions
    Feature record: CXX_FEATURE:0cxx_relaxed_constexpr
    Feature record: CXX_FEATURE:0cxx_return_type_deduction
    Feature record: CXX_FEATURE:1cxx_right_angle_brackets
    Feature record: CXX_FEATURE:1cxx_rvalue_references
    Feature record: CXX_FEATURE:1cxx_sizeof_member
    Feature record: CXX_FEATURE:1cxx_static_assert
    Feature record: CXX_FEATURE:1cxx_strong_enums
    Feature record: CXX_FEATURE:1cxx_template_template_parameters
    Feature record: CXX_FEATURE:1cxx_thread_local
    Feature record: CXX_FEATURE:1cxx_trailing_return_types
    Feature record: CXX_FEATURE:1cxx_unicode_literals
    Feature record: CXX_FEATURE:1cxx_uniform_initialization
    Feature record: CXX_FEATURE:1cxx_unrestricted_unions
    Feature record: CXX_FEATURE:1cxx_user_literals
    Feature record: CXX_FEATURE:0cxx_variable_templates
    Feature record: CXX_FEATURE:1cxx_variadic_macros
    Feature record: CXX_FEATURE:1cxx_variadic_templates


Detecting CXX [-std=c++98] compiler features compiled with the following output:
Change Dir: /opt/chrono/chrono_build/CMakeFiles/CMakeTmp

Run Build Command:"/usr/bin/make" "cmTC_ea209/fast"
/usr/bin/make -f CMakeFiles/cmTC_ea209.dir/build.make CMakeFiles/cmTC_ea209.dir/build
make[1]: Entering directory '/opt/chrono/chrono_build/CMakeFiles/CMakeTmp'
Building CXX object CMakeFiles/cmTC_ea209.dir/feature_tests.cxx.o
/usr/bin/c++     -std=c++98 -o CMakeFiles/cmTC_ea209.dir/feature_tests.cxx.o -c /opt/chrono/chrono_build/CMakeFiles/feature_tests.cxx
Linking CXX executable cmTC_ea209
/usr/bin/cmake -E cmake_link_script CMakeFiles/cmTC_ea209.dir/link.txt --verbose=1
/usr/bin/c++        CMakeFiles/cmTC_ea209.dir/feature_tests.cxx.o  -o cmTC_ea209 -rdynamic 
make[1]: Leaving directory '/opt/chrono/chrono_build/CMakeFiles/CMakeTmp'


    Feature record: CXX_FEATURE:0cxx_aggregate_default_initializers
    Feature record: CXX_FEATURE:0cxx_alias_templates
    Feature record: CXX_FEATURE:0cxx_alignas
    Feature record: CXX_FEATURE:0cxx_alignof
    Feature record: CXX_FEATURE:0cxx_attributes
    Feature record: CXX_FEATURE:0cxx_attribute_deprecated
    Feature record: CXX_FEATURE:0cxx_auto_type
    Feature record: CXX_FEATURE:0cxx_binary_literals
    Feature record: CXX_FEATURE:0cxx_constexpr
    Feature record: CXX_FEATURE:0cxx_contextual_conversions
    Feature record: CXX_FEATURE:0cxx_decltype
    Feature record: CXX_FEATURE:0cxx_decltype_auto
    Feature record: CXX_FEATURE:0cxx_decltype_incomplete_return_types
    Feature record: CXX_FEATURE:0cxx_default_function_template_args
    Feature record: CXX_FEATURE:0cxx_defaulted_functions
    Feature record: CXX_FEATURE:0cxx_defaulted_move_initializers
    Feature record: CXX_FEATURE:0cxx_delegating_constructors
    Feature record: CXX_FEATURE:0cxx_deleted_functions
    Feature record: CXX_FEATURE:0cxx_digit_separators
    Feature record: CXX_FEATURE:0cxx_enum_forward_declarations
    Feature record: CXX_FEATURE:0cxx_explicit_conversions
    Feature record: CXX_FEATURE:0cxx_extended_friend_declarations
    Feature record: CXX_FEATURE:0cxx_extern_templates
    Feature record: CXX_FEATURE:0cxx_final
    Feature record: CXX_FEATURE:0cxx_func_identifier
    Feature record: CXX_FEATURE:0cxx_generalized_initializers
    Feature record: CXX_FEATURE:0cxx_generic_lambdas
    Feature record: CXX_FEATURE:0cxx_inheriting_constructors
    Feature record: CXX_FEATURE:0cxx_inline_namespaces
    Feature record: CXX_FEATURE:0cxx_lambdas
    Feature record: CXX_FEATURE:0cxx_lambda_init_captures
    Feature record: CXX_FEATURE:0cxx_local_type_template_args
    Feature record: CXX_FEATURE:0cxx_long_long_type
    Feature record: CXX_FEATURE:0cxx_noexcept
    Feature record: CXX_FEATURE:0cxx_nonstatic_member_init
    Feature record: CXX_FEATURE:0cxx_nullptr
    Feature record: CXX_FEATURE:0cxx_override
    Feature record: CXX_FEATURE:0cxx_range_for
    Feature record: CXX_FEATURE:0cxx_raw_string_literals
    Feature record: CXX_FEATURE:0cxx_reference_qualified_functions
    Feature record: CXX_FEATURE:0cxx_relaxed_constexpr
    Feature record: CXX_FEATURE:0cxx_return_type_deduction
    Feature record: CXX_FEATURE:0cxx_right_angle_brackets
    Feature record: CXX_FEATURE:0cxx_rvalue_references
    Feature record: CXX_FEATURE:0cxx_sizeof_member
    Feature record: CXX_FEATURE:0cxx_static_assert
    Feature record: CXX_FEATURE:0cxx_strong_enums
    Feature record: CXX_FEATURE:1cxx_template_template_parameters
    Feature record: CXX_FEATURE:0cxx_thread_local
    Feature record: CXX_FEATURE:0cxx_trailing_return_types
    Feature record: CXX_FEATURE:0cxx_unicode_literals
    Feature record: CXX_FEATURE:0cxx_uniform_initialization
    Feature record: CXX_FEATURE:0cxx_unrestricted_unions
    Feature record: CXX_FEATURE:0cxx_user_literals
    Feature record: CXX_FEATURE:0cxx_variable_templates
    Feature record: CXX_FEATURE:0cxx_variadic_macros
    Feature record: CXX_FEATURE:0cxx_variadic_templates
Performing C++ SOURCE FILE Test COMPILER_SUPPORTS_CXX17 succeeded with the following output:
Change Dir: /opt/chrono/chrono_build/CMakeFiles/CMakeTmp

Run Build Command:"/usr/bin/make" "cmTC_bb3ad/fast"
/usr/bin/make -f CMakeFiles/cmTC_bb3ad.dir/build.make CMakeFiles/cmTC_bb3ad.dir/build
make[1]: Entering directory '/opt/chrono/chrono_build/CMakeFiles/CMakeTmp'
Building CXX object CMakeFiles/cmTC_bb3ad.dir/src.cxx.o
/usr/bin/c++     -DCOMPILER_SUPPORTS_CXX17   -std=c++17 -o CMakeFiles/cmTC_bb3ad.dir/src.cxx.o -c /opt/chrono/chrono_build/CMakeFiles/CMakeTmp/src.cxx
Linking CXX executable cmTC_bb3ad
/usr/bin/cmake -E cmake_link_script CMakeFiles/cmTC_bb3ad.dir/link.txt --verbose=1
/usr/bin/c++    -DCOMPILER_SUPPORTS_CXX17    CMakeFiles/cmTC_bb3ad.dir/src.cxx.o  -o cmTC_bb3ad -rdynamic 
make[1]: Leaving directory '/opt/chrono/chrono_build/CMakeFiles/CMakeTmp'

Source file was:
int main() { return 0; }
Performing C++ SOURCE FILE Test COMPILER_SUPPORTS_CXX1z succeeded with the following output:
Change Dir: /opt/chrono/chrono_build/CMakeFiles/CMakeTmp

Run Build Command:"/usr/bin/make" "cmTC_258d2/fast"
/usr/bin/make -f CMakeFiles/cmTC_258d2.dir/build.make CMakeFiles/cmTC_258d2.dir/build
make[1]: Entering directory '/opt/chrono/chrono_build/CMakeFiles/CMakeTmp'
Building CXX object CMakeFiles/cmTC_258d2.dir/src.cxx.o
/usr/bin/c++     -DCOMPILER_SUPPORTS_CXX1z   -std=c++1z -o CMakeFiles/cmTC_258d2.dir/src.cxx.o -c /opt/chrono/chrono_build/CMakeFiles/CMakeTmp/src.cxx
Linking CXX executable cmTC_258d2
/usr/bin/cmake -E cmake_link_script CMakeFiles/cmTC_258d2.dir/link.txt --verbose=1
/usr/bin/c++    -DCOMPILER_SUPPORTS_CXX1z    CMakeFiles/cmTC_258d2.dir/src.cxx.o  -o cmTC_258d2 -rdynamic 
make[1]: Leaving directory '/opt/chrono/chrono_build/CMakeFiles/CMakeTmp'

Source file was:
int main() { return 0; }
Performing C++ SOURCE FILE Test COMPILER_SUPPORTS_GNUXX17 succeeded with the following output:
Change Dir: /opt/chrono/chrono_build/CMakeFiles/CMakeTmp

Run Build Command:"/usr/bin/make" "cmTC_8a66c/fast"
/usr/bin/make -f CMakeFiles/cmTC_8a66c.dir/build.make CMakeFiles/cmTC_8a66c.dir/build
make[1]: Entering directory '/opt/chrono/chrono_build/CMakeFiles/CMakeTmp'
Building CXX object CMakeFiles/cmTC_8a66c.dir/src.cxx.o
/usr/bin/c++     -DCOMPILER_SUPPORTS_GNUXX17   -std=gnu++17 -o CMakeFiles/cmTC_8a66c.dir/src.cxx.o -c /opt/chrono/chrono_build/CMakeFiles/CMakeTmp/src.cxx
Linking CXX executable cmTC_8a66c
/usr/bin/cmake -E cmake_link_script CMakeFiles/cmTC_8a66c.dir/link.txt --verbose=1
/usr/bin/c++    -DCOMPILER_SUPPORTS_GNUXX17    CMakeFiles/cmTC_8a66c.dir/src.cxx.o  -o cmTC_8a66c -rdynamic 
make[1]: Leaving directory '/opt/chrono/chrono_build/CMakeFiles/CMakeTmp'

Source file was:
int main() { return 0; }
Performing C++ SOURCE FILE Test COMPILER_SUPPORTS_GNUXX1z succeeded with the following output:
Change Dir: /opt/chrono/chrono_build/CMakeFiles/CMakeTmp

Run Build Command:"/usr/bin/make" "cmTC_be1d6/fast"
/usr/bin/make -f CMakeFiles/cmTC_be1d6.dir/build.make CMakeFiles/cmTC_be1d6.dir/build
make[1]: Entering directory '/opt/chrono/chrono_build/CMakeFiles/CMakeTmp'
Building CXX object CMakeFiles/cmTC_be1d6.dir/src.cxx.o
/usr/bin/c++     -DCOMPILER_SUPPORTS_GNUXX1z   -std=gnu++1z -o CMakeFiles/cmTC_be1d6.dir/src.cxx.o -c /opt/chrono/chrono_build/CMakeFiles/CMakeTmp/src.cxx
Linking CXX executable cmTC_be1d6
/usr/bin/cmake -E cmake_link_script CMakeFiles/cmTC_be1d6.dir/link.txt --verbose=1
/usr/bin/c++    -DCOMPILER_SUPPORTS_GNUXX1z    CMakeFiles/cmTC_be1d6.dir/src.cxx.o  -o cmTC_be1d6 -rdynamic 
make[1]: Leaving directory '/opt/chrono/chrono_build/CMakeFiles/CMakeTmp'

Source file was:
int main() { return 0; }
Determining if the include file pthread.h exists passed with the following output:
Change Dir: /opt/chrono/chrono_build/CMakeFiles/CMakeTmp

Run Build Command:"/usr/bin/make" "cmTC_11bb0/fast"
/usr/bin/make -f CMakeFiles/cmTC_11bb0.dir/build.make CMakeFiles/cmTC_11bb0.dir/build
make[1]: Entering directory '/opt/chrono/chrono_build/CMakeFiles/CMakeTmp'
Building C object CMakeFiles/cmTC_11bb0.dir/CheckIncludeFile.c.o
/usr/bin/cc     -o CMakeFiles/cmTC_11bb0.dir/CheckIncludeFile.c.o   -c /opt/chrono/chrono_build/CMakeFiles/CMakeTmp/CheckIncludeFile.c
Linking C executable cmTC_11bb0
/usr/bin/cmake -E cmake_link_script CMakeFiles/cmTC_11bb0.dir/link.txt --verbose=1
/usr/bin/cc       CMakeFiles/cmTC_11bb0.dir/CheckIncludeFile.c.o  -o cmTC_11bb0 -rdynamic 
make[1]: Leaving directory '/opt/chrono/chrono_build/CMakeFiles/CMakeTmp'


Performing C SOURCE FILE Test OpenMP_FLAG_DETECTED succeeded with the following output:
Change Dir: /opt/chrono/chrono_build/CMakeFiles/CMakeTmp

Run Build Command:"/usr/bin/make" "cmTC_b78bc/fast"
/usr/bin/make -f CMakeFiles/cmTC_b78bc.dir/build.make CMakeFiles/cmTC_b78bc.dir/build
make[1]: Entering directory '/opt/chrono/chrono_build/CMakeFiles/CMakeTmp'
Building C object CMakeFiles/cmTC_b78bc.dir/src.c.o
/usr/bin/cc    -pthread -DOpenMP_FLAG_DETECTED -fopenmp   -o CMakeFiles/cmTC_b78bc.dir/src.c.o   -c /opt/chrono/chrono_build/CMakeFiles/CMakeTmp/src.c
Linking C executable cmTC_b78bc
/usr/bin/cmake -E cmake_link_script CMakeFiles/cmTC_b78bc.dir/link.txt --verbose=1
/usr/bin/cc   -pthread -DOpenMP_FLAG_DETECTED -fopenmp    CMakeFiles/cmTC_b78bc.dir/src.c.o  -o cmTC_b78bc -rdynamic 
make[1]: Leaving directory '/opt/chrono/chrono_build/CMakeFiles/CMakeTmp'

Source file was:

#include <omp.h>
int main() {
#ifdef _OPENMP
  return 0;
#else
  breaks_on_purpose
#endif
}

Performing C++ SOURCE FILE Test OpenMP_FLAG_DETECTED succeeded with the following output:
Change Dir: /opt/chrono/chrono_build/CMakeFiles/CMakeTmp

Run Build Command:"/usr/bin/make" "cmTC_87847/fast"
/usr/bin/make -f CMakeFiles/cmTC_87847.dir/build.make CMakeFiles/cmTC_87847.dir/build
make[1]: Entering directory '/opt/chrono/chrono_build/CMakeFiles/CMakeTmp'
Building CXX object CMakeFiles/cmTC_87847.dir/src.cxx.o
/usr/bin/c++     -pthread -DOpenMP_FLAG_DETECTED -fopenmp   -o CMakeFiles/cmTC_87847.dir/src.cxx.o -c /opt/chrono/chrono_build/CMakeFiles/CMakeTmp/src.cxx
Linking CXX executable cmTC_87847
/usr/bin/cmake -E cmake_link_script CMakeFiles/cmTC_87847.dir/link.txt --verbose=1
/usr/bin/c++    -pthread -DOpenMP_FLAG_DETECTED -fopenmp    CMakeFiles/cmTC_87847.dir/src.cxx.o  -o cmTC_87847 -rdynamic 
make[1]: Leaving directory '/opt/chrono/chrono_build/CMakeFiles/CMakeTmp'

Source file was:

#include <omp.h>
int main() {
#ifdef _OPENMP
  return 0;
#else
  breaks_on_purpose
#endif
}

Performing C++ SOURCE FILE Test OMP_30_DETECTED succeeded with the following output:
Change Dir: /opt/chrono/chrono_build/CMakeFiles/CMakeTmp

Run Build Command:"/usr/bin/make" "cmTC_389be/fast"
/usr/bin/make -f CMakeFiles/cmTC_389be.dir/build.make CMakeFiles/cmTC_389be.dir/build
make[1]: Entering directory '/opt/chrono/chrono_build/CMakeFiles/CMakeTmp'
Building CXX object CMakeFiles/cmTC_389be.dir/src.cxx.o
/usr/bin/c++     -pthread -DOMP_30_DETECTED -march=native   -o CMakeFiles/cmTC_389be.dir/src.cxx.o -c /opt/chrono/chrono_build/CMakeFiles/CMakeTmp/src.cxx
Linking CXX executable cmTC_389be
/usr/bin/cmake -E cmake_link_script CMakeFiles/cmTC_389be.dir/link.txt --verbose=1
/usr/bin/c++    -pthread -DOMP_30_DETECTED -march=native    CMakeFiles/cmTC_389be.dir/src.cxx.o  -o cmTC_389be -rdynamic 
make[1]: Leaving directory '/opt/chrono/chrono_build/CMakeFiles/CMakeTmp'

Source file was:

int main() {
#pragma omp parallel for
for (unsigned int i=0; i<10; i++) ;
}
Performing C++ SOURCE FILE Test OMP_40_DETECTED succeeded with the following output:
Change Dir: /opt/chrono/chrono_build/CMakeFiles/CMakeTmp

Run Build Command:"/usr/bin/make" "cmTC_95532/fast"
/usr/bin/make -f CMakeFiles/cmTC_95532.dir/build.make CMakeFiles/cmTC_95532.dir/build
make[1]: Entering directory '/opt/chrono/chrono_build/CMakeFiles/CMakeTmp'
Building CXX object CMakeFiles/cmTC_95532.dir/src.cxx.o
/usr/bin/c++     -pthread -DOMP_40_DETECTED -march=native   -o CMakeFiles/cmTC_95532.dir/src.cxx.o -c /opt/chrono/chrono_build/CMakeFiles/CMakeTmp/src.cxx
Linking CXX executable cmTC_95532
/usr/bin/cmake -E cmake_link_script CMakeFiles/cmTC_95532.dir/link.txt --verbose=1
/usr/bin/c++    -pthread -DOMP_40_DETECTED -march=native    CMakeFiles/cmTC_95532.dir/src.cxx.o  -o cmTC_95532 -rdynamic 
make[1]: Leaving directory '/opt/chrono/chrono_build/CMakeFiles/CMakeTmp'

Source file was:

int main() {
#pragma omp parallel for simd safelen(4)
for (int i=0; i<10; i++) ;
}
Performing C++ SOURCE FILE Test DETECTED_SSE_42 succeeded with the following output:
Change Dir: /opt/chrono/chrono_build/CMakeFiles/CMakeTmp

Run Build Command:"/usr/bin/make" "cmTC_c1e34/fast"
/usr/bin/make -f CMakeFiles/cmTC_c1e34.dir/build.make CMakeFiles/cmTC_c1e34.dir/build
make[1]: Entering directory '/opt/chrono/chrono_build/CMakeFiles/CMakeTmp'
Building CXX object CMakeFiles/cmTC_c1e34.dir/src.cxx.o
/usr/bin/c++     -pthread -fopenmp -DDETECTED_SSE_42 -msse4.2   -o CMakeFiles/cmTC_c1e34.dir/src.cxx.o -c /opt/chrono/chrono_build/CMakeFiles/CMakeTmp/src.cxx
Linking CXX executable cmTC_c1e34
/usr/bin/cmake -E cmake_link_script CMakeFiles/cmTC_c1e34.dir/link.txt --verbose=1
/usr/bin/c++    -pthread -fopenmp -DDETECTED_SSE_42 -msse4.2    CMakeFiles/cmTC_c1e34.dir/src.cxx.o  -o cmTC_c1e34 -rdynamic 
make[1]: Leaving directory '/opt/chrono/chrono_build/CMakeFiles/CMakeTmp'

Return value: 1
Source file was:

  #include <emmintrin.h>
  #include <nmmintrin.h>
  int main()
  {
    long long a[2] = {  1, 2 };
    long long b[2] = { -1, 3 };
    long long c[2];
    __m128i va = _mm_loadu_si128((__m128i*)a);
    __m128i vb = _mm_loadu_si128((__m128i*)b);
    __m128i vc = _mm_cmpgt_epi64(va, vb);

    _mm_storeu_si128((__m128i*)c, vc);
    if (c[0] == -1LL && c[1] == 0LL)
      return 0;
    else
      return 1;
  }
Performing C++ SOURCE FILE Test DETECTED_SSE_41 succeeded with the following output:
Change Dir: /opt/chrono/chrono_build/CMakeFiles/CMakeTmp

Run Build Command:"/usr/bin/make" "cmTC_f9836/fast"
/usr/bin/make -f CMakeFiles/cmTC_f9836.dir/build.make CMakeFiles/cmTC_f9836.dir/build
make[1]: Entering directory '/opt/chrono/chrono_build/CMakeFiles/CMakeTmp'
Building CXX object CMakeFiles/cmTC_f9836.dir/src.cxx.o
/usr/bin/c++     -pthread -fopenmp -DDETECTED_SSE_41 -msse4.1   -o CMakeFiles/cmTC_f9836.dir/src.cxx.o -c /opt/chrono/chrono_build/CMakeFiles/CMakeTmp/src.cxx
Linking CXX executable cmTC_f9836
/usr/bin/cmake -E cmake_link_script CMakeFiles/cmTC_f9836.dir/link.txt --verbose=1
/usr/bin/c++    -pthread -fopenmp -DDETECTED_SSE_41 -msse4.1    CMakeFiles/cmTC_f9836.dir/src.cxx.o  -o cmTC_f9836 -rdynamic 
make[1]: Leaving directory '/opt/chrono/chrono_build/CMakeFiles/CMakeTmp'

Return value: 1
Source file was:

  #include <emmintrin.h>
  #include <smmintrin.h>
  int main()
  {
    long long a[2] = {  1, 2 };
    long long b[2] = { -1, 2 };
    long long c[2];
    __m128i va = _mm_loadu_si128((__m128i*)a);
    __m128i vb = _mm_loadu_si128((__m128i*)b);
    __m128i vc = _mm_cmpeq_epi64(va, vb);

    _mm_storeu_si128((__m128i*)c, vc);
    if (c[0] == 0LL && c[1] == -1LL)
      return 0;
    else
      return 1;
  }
Performing C++ SOURCE FILE Test DETECTED_SSE_30 succeeded with the following output:
Change Dir: /opt/chrono/chrono_build/CMakeFiles/CMakeTmp

Run Build Command:"/usr/bin/make" "cmTC_1a2ce/fast"
/usr/bin/make -f CMakeFiles/cmTC_1a2ce.dir/build.make CMakeFiles/cmTC_1a2ce.dir/build
make[1]: Entering directory '/opt/chrono/chrono_build/CMakeFiles/CMakeTmp'
Building CXX object CMakeFiles/cmTC_1a2ce.dir/src.cxx.o
/usr/bin/c++     -pthread -fopenmp -DDETECTED_SSE_30 -msse3   -o CMakeFiles/cmTC_1a2ce.dir/src.cxx.o -c /opt/chrono/chrono_build/CMakeFiles/CMakeTmp/src.cxx
Linking CXX executable cmTC_1a2ce
/usr/bin/cmake -E cmake_link_script CMakeFiles/cmTC_1a2ce.dir/link.txt --verbose=1
/usr/bin/c++    -pthread -fopenmp -DDETECTED_SSE_30 -msse3    CMakeFiles/cmTC_1a2ce.dir/src.cxx.o  -o cmTC_1a2ce -rdynamic 
make[1]: Leaving directory '/opt/chrono/chrono_build/CMakeFiles/CMakeTmp'

Return value: 1
Source file was:

  #include <emmintrin.h>
  #ifdef _WIN32
    #include <intrin.h>
  #else
    #include <x86intrin.h>
  #endif

  int main()
  {
    float a[4] = { 1.0f, 2.0f, 3.0f, 4.0f };
    float b[4] = { 3.0f, 5.0f, 7.0f, 9.0f };
    float c[4];

    __m128 va = _mm_loadu_ps(a);
    __m128 vb = _mm_loadu_ps(b);
    __m128 vc = _mm_hadd_ps(va, vb);

    _mm_storeu_ps(c, vc);
    if (c[0] == 3.0f && c[1] == 7.0f && c[2] == 8.0f && c[3] == 16.0f)
      return 0;
    else
      return 1;
  }
Performing C++ SOURCE FILE Test DETECTED_SSE_20 succeeded with the following output:
Change Dir: /opt/chrono/chrono_build/CMakeFiles/CMakeTmp

Run Build Command:"/usr/bin/make" "cmTC_09bb2/fast"
/usr/bin/make -f CMakeFiles/cmTC_09bb2.dir/build.make CMakeFiles/cmTC_09bb2.dir/build
make[1]: Entering directory '/opt/chrono/chrono_build/CMakeFiles/CMakeTmp'
Building CXX object CMakeFiles/cmTC_09bb2.dir/src.cxx.o
/usr/bin/c++     -pthread -fopenmp -DDETECTED_SSE_20 -msse2   -o CMakeFiles/cmTC_09bb2.dir/src.cxx.o -c /opt/chrono/chrono_build/CMakeFiles/CMakeTmp/src.cxx
Linking CXX executable cmTC_09bb2
/usr/bin/cmake -E cmake_link_script CMakeFiles/cmTC_09bb2.dir/link.txt --verbose=1
/usr/bin/c++    -pthread -fopenmp -DDETECTED_SSE_20 -msse2    CMakeFiles/cmTC_09bb2.dir/src.cxx.o  -o cmTC_09bb2 -rdynamic 
make[1]: Leaving directory '/opt/chrono/chrono_build/CMakeFiles/CMakeTmp'

Return value: 1
Source file was:

  #include <emmintrin.h>
  int main()
  {
    int a[4] = { 1, 2,  3,  4 };
    int b[4] = { 3, 6, -4, -4 };
    int c[4];

    __m128i va = _mm_loadu_si128((__m128i*)a);
    __m128i vb = _mm_loadu_si128((__m128i*)b);
    __m128i vc = _mm_add_epi32(va, vb);

    _mm_storeu_si128((__m128i*)c, vc);
    if (c[0] == 4 && c[1] == 8 && c[2] == -1 && c[3] == 0)
      return 0;
    else
      return 1;
  }
Performing C++ SOURCE FILE Test DETECTED_SSE_10 succeeded with the following output:
Change Dir: /opt/chrono/chrono_build/CMakeFiles/CMakeTmp

Run Build Command:"/usr/bin/make" "cmTC_a6485/fast"
/usr/bin/make -f CMakeFiles/cmTC_a6485.dir/build.make CMakeFiles/cmTC_a6485.dir/build
make[1]: Entering directory '/opt/chrono/chrono_build/CMakeFiles/CMakeTmp'
Building CXX object CMakeFiles/cmTC_a6485.dir/src.cxx.o
/usr/bin/c++     -pthread -fopenmp -DDETECTED_SSE_10 -msse   -o CMakeFiles/cmTC_a6485.dir/src.cxx.o -c /opt/chrono/chrono_build/CMakeFiles/CMakeTmp/src.cxx
Linking CXX executable cmTC_a6485
/usr/bin/cmake -E cmake_link_script CMakeFiles/cmTC_a6485.dir/link.txt --verbose=1
/usr/bin/c++    -pthread -fopenmp -DDETECTED_SSE_10 -msse    CMakeFiles/cmTC_a6485.dir/src.cxx.o  -o cmTC_a6485 -rdynamic 
make[1]: Leaving directory '/opt/chrono/chrono_build/CMakeFiles/CMakeTmp'

Return value: 1
Source file was:

  #include <emmintrin.h>
  int main()
  {
    float a[4] = { 1.0f, 2.0f, 3.0f, 4.0f };
    float b[4] = { 2.0f, 3.0f, 4.0f, 5.0f };
    float c[4];
    __m128 va = _mm_loadu_ps(a);
    __m128 vb = _mm_loadu_ps(b);
    __m128 vc = _mm_add_ps(va, vb);

    _mm_storeu_ps(c, vc);
    if (c[0] == 3.0f && c[1] == 5.0f && c[2] == 7.0f && c[3] == 9.0f)
      return 0;
    else
      return 1;
  }
Performing C++ SOURCE FILE Test DETECTED_AVX_20 succeeded with the following output:
Change Dir: /opt/chrono/chrono_build/CMakeFiles/CMakeTmp

Run Build Command:"/usr/bin/make" "cmTC_16ddd/fast"
/usr/bin/make -f CMakeFiles/cmTC_16ddd.dir/build.make CMakeFiles/cmTC_16ddd.dir/build
make[1]: Entering directory '/opt/chrono/chrono_build/CMakeFiles/CMakeTmp'
Building CXX object CMakeFiles/cmTC_16ddd.dir/src.cxx.o
/usr/bin/c++     -pthread -fopenmp -DDETECTED_AVX_20 -mavx2   -o CMakeFiles/cmTC_16ddd.dir/src.cxx.o -c /opt/chrono/chrono_build/CMakeFiles/CMakeTmp/src.cxx
Linking CXX executable cmTC_16ddd
/usr/bin/cmake -E cmake_link_script CMakeFiles/cmTC_16ddd.dir/link.txt --verbose=1
/usr/bin/c++    -pthread -fopenmp -DDETECTED_AVX_20 -mavx2    CMakeFiles/cmTC_16ddd.dir/src.cxx.o  -o cmTC_16ddd -rdynamic 
make[1]: Leaving directory '/opt/chrono/chrono_build/CMakeFiles/CMakeTmp'

Return value: 1
Source file was:

  #include <immintrin.h>
  int main()
    {
    __m256i a = _mm256_set_epi32 (-1, 2, -3, 4, -1, 2, -3, 4);
    __m256i result = _mm256_abs_epi32 (a);
    return 0;
    }
Performing C++ SOURCE FILE Test DETECTED_AVX_10 succeeded with the following output:
Change Dir: /opt/chrono/chrono_build/CMakeFiles/CMakeTmp

Run Build Command:"/usr/bin/make" "cmTC_03cdd/fast"
/usr/bin/make -f CMakeFiles/cmTC_03cdd.dir/build.make CMakeFiles/cmTC_03cdd.dir/build
make[1]: Entering directory '/opt/chrono/chrono_build/CMakeFiles/CMakeTmp'
Building CXX object CMakeFiles/cmTC_03cdd.dir/src.cxx.o
/usr/bin/c++     -pthread -fopenmp -DDETECTED_AVX_10 -mavx   -o CMakeFiles/cmTC_03cdd.dir/src.cxx.o -c /opt/chrono/chrono_build/CMakeFiles/CMakeTmp/src.cxx
Linking CXX executable cmTC_03cdd
/usr/bin/cmake -E cmake_link_script CMakeFiles/cmTC_03cdd.dir/link.txt --verbose=1
/usr/bin/c++    -pthread -fopenmp -DDETECTED_AVX_10 -mavx    CMakeFiles/cmTC_03cdd.dir/src.cxx.o  -o cmTC_03cdd -rdynamic 
make[1]: Leaving directory '/opt/chrono/chrono_build/CMakeFiles/CMakeTmp'

Return value: 1
Source file was:

  #include <immintrin.h>
  int main()
    {
    __m256 a = _mm256_set_ps (-1.0f, 2.0f, -3.0f, 4.0f, -1.0f, 2.0f, -3.0f, 4.0f);
    __m256 b = _mm256_set_ps (1.0f, 2.0f, 3.0f, 4.0f, 1.0f, 2.0f, 3.0f, 4.0f);
    __m256 result = _mm256_add_ps (a, b);
    return 0;
    }
Performing C++ SOURCE FILE Test DETECTED_FMA succeeded with the following output:
Change Dir: /opt/chrono/chrono_build/CMakeFiles/CMakeTmp

Run Build Command:"/usr/bin/make" "cmTC_813fc/fast"
/usr/bin/make -f CMakeFiles/cmTC_813fc.dir/build.make CMakeFiles/cmTC_813fc.dir/build
make[1]: Entering directory '/opt/chrono/chrono_build/CMakeFiles/CMakeTmp'
Building CXX object CMakeFiles/cmTC_813fc.dir/src.cxx.o
/usr/bin/c++     -pthread -fopenmp  -march=native -msse4.2 -mfpmath=sse  -march=native -mavx2 -DDETECTED_FMA -mavx2 -mfma   -o CMakeFiles/cmTC_813fc.dir/src.cxx.o -c /opt/chrono/chrono_build/CMakeFiles/CMakeTmp/src.cxx
Linking CXX executable cmTC_813fc
/usr/bin/cmake -E cmake_link_script CMakeFiles/cmTC_813fc.dir/link.txt --verbose=1
/usr/bin/c++    -pthread -fopenmp  -march=native -msse4.2 -mfpmath=sse  -march=native -mavx2 -DDETECTED_FMA -mavx2 -mfma    CMakeFiles/cmTC_813fc.dir/src.cxx.o  -o cmTC_813fc -rdynamic 
make[1]: Leaving directory '/opt/chrono/chrono_build/CMakeFiles/CMakeTmp'

Return value: 1
Source file was:

  #include <immintrin.h>
  int main()
    {
    __m256d a = _mm256_set_pd (-1, 2, -3, 4);
    __m256d b = _mm256_set_pd (-2, 3, -4, 1);
    __m256d c = _mm256_set_pd (-11, 6, 4, -1);

    __m256d result =  _mm256_fmsub_pd (a, b, c);
    return 0;
    }
